# JRE version: OpenJDK Runtime Environment (11.0.12+7) (build 11.0.12+7-b1504.28-7817840)
# Java VM: OpenJDK 64-Bit Server VM (11.0.12+7-b1504.28-7817840, mixed mode, tiered, compressed oops, g1 gc, windows-amd64)
Heap:
 garbage-first heap   total 173056K, used 32576K [0x0000000084600000, 0x0000000100000000)
  region size 1024K, 15 young (15360K), 7 survivors (7168K)
 Metaspace       used 45533K, capacity 46082K, committed 46384K, reserved 1089536K
  class space    used 5457K, capacity 5666K, committed 5760K, reserved 1048576K
GC Heap History (10 events):
Event: 0.426 GC heap before
{Heap before GC invocations=0 (full 0):
 garbage-first heap   total 126976K, used 27648K [0x0000000084600000, 0x0000000100000000)
  region size 1024K, 24 young (24576K), 0 survivors (0K)
 Metaspace       used 12298K, capacity 12394K, committed 12416K, reserved 1060864K
  class space    used 1121K, capacity 1149K, committed 1152K, reserved 1048576K
}
Event: 0.430 GC heap after
{Heap after GC invocations=1 (full 0):
 garbage-first heap   total 126976K, used 6438K [0x0000000084600000, 0x0000000100000000)
  region size 1024K, 3 young (3072K), 3 survivors (3072K)
 Metaspace       used 12298K, capacity 12394K, committed 12416K, reserved 1060864K
  class space    used 1121K, capacity 1149K, committed 1152K, reserved 1048576K
}
Event: 0.889 GC heap before
{Heap before GC invocations=1 (full 0):
 garbage-first heap   total 126976K, used 42278K [0x0000000084600000, 0x0000000100000000)
  region size 1024K, 39 young (39936K), 3 survivors (3072K)
 Metaspace       used 20840K, capacity 21112K, committed 21296K, reserved 1069056K
  class space    used 2256K, capacity 2338K, committed 2432K, reserved 1048576K
}
Event: 0.901 GC heap after
{Heap after GC invocations=2 (full 0):
 garbage-first heap   total 126976K, used 9853K [0x0000000084600000, 0x0000000100000000)
  region size 1024K, 7 young (7168K), 7 survivors (7168K)
 Metaspace       used 20840K, capacity 21112K, committed 21296K, reserved 1069056K
  class space    used 2256K, capacity 2338K, committed 2432K, reserved 1048576K
}
Event: 1.489 GC heap before
{Heap before GC invocations=3 (full 0):
 garbage-first heap   total 126976K, used 61053K [0x0000000084600000, 0x0000000100000000)
  region size 1024K, 52 young (53248K), 7 survivors (7168K)
 Metaspace       used 31706K, capacity 32163K, committed 32432K, reserved 1077248K
  class space    used 3815K, capacity 4001K, committed 4096K, reserved 1048576K
}
Event: 1.508 GC heap after
{Heap after GC invocations=4 (full 0):
 garbage-first heap   total 126976K, used 20216K [0x0000000084600000, 0x0000000100000000)
  region size 1024K, 7 young (7168K), 7 survivors (7168K)
 Metaspace       used 31706K, capacity 32163K, committed 32432K, reserved 1077248K
  class space    used 3815K, capacity 4001K, committed 4096K, reserved 1048576K
}
Event: 1.693 GC heap before
{Heap before GC invocations=4 (full 0):
 garbage-first heap   total 126976K, used 35576K [0x0000000084600000, 0x0000000100000000)
  region size 1024K, 23 young (23552K), 7 survivors (7168K)
 Metaspace       used 35218K, capacity 35698K, committed 35920K, reserved 1081344K
  class space    used 4403K, capacity 4580K, committed 4608K, reserved 1048576K
}
Event: 1.707 GC heap after
{Heap after GC invocations=5 (full 0):
 garbage-first heap   total 126976K, used 22258K [0x0000000084600000, 0x0000000100000000)
  region size 1024K, 6 young (6144K), 6 survivors (6144K)
 Metaspace       used 35218K, capacity 35698K, committed 35920K, reserved 1081344K
  class space    used 4403K, capacity 4580K, committed 4608K, reserved 1048576K
}
Event: 2.190 GC heap before
{Heap before GC invocations=6 (full 0):
 garbage-first heap   total 126976K, used 68338K [0x0000000084600000, 0x0000000100000000)
  region size 1024K, 51 young (52224K), 6 survivors (6144K)
 Metaspace       used 43265K, capacity 43811K, committed 44080K, reserved 1087488K
  class space    used 5211K, capacity 5426K, committed 5504K, reserved 1048576K
}
Event: 2.204 GC heap after
{Heap after GC invocations=7 (full 0):
 garbage-first heap   total 173056K, used 25408K [0x0000000084600000, 0x0000000100000000)
  region size 1024K, 7 young (7168K), 7 survivors (7168K)
 Metaspace       used 43265K, capacity 43811K, committed 44080K, reserved 1087488K
  class space    used 5211K, capacity 5426K, committed 5504K, reserved 1048576K
}

