# JRE version: OpenJDK Runtime Environment (11.0.12+7) (build 11.0.12+7-b1504.28-7817840)
# Java VM: OpenJDK 64-Bit Server VM (11.0.12+7-b1504.28-7817840, mixed mode, tiered, compressed oops, g1 gc, windows-amd64)
Heap:
 garbage-first heap   total 223232K, used 53030K [0x0000000084600000, 0x0000000100000000)
  region size 1024K, 8 young (8192K), 8 survivors (8192K)
 Metaspace       used 67745K, capacity 68600K, committed 68688K, reserved 1110016K
  class space    used 7737K, capacity 8074K, committed 8096K, reserved 1048576K
GC Heap History (17 events):
Event: 0.410 GC heap before
{Heap before GC invocations=0 (full 0):
 garbage-first heap   total 126976K, used 27648K [0x0000000084600000, 0x0000000100000000)
  region size 1024K, 24 young (24576K), 0 survivors (0K)
 Metaspace       used 12290K, capacity 12394K, committed 12416K, reserved 1060864K
  class space    used 1121K, capacity 1149K, committed 1152K, reserved 1048576K
}
Event: 0.414 GC heap after
{Heap after GC invocations=1 (full 0):
 garbage-first heap   total 126976K, used 6459K [0x0000000084600000, 0x0000000100000000)
  region size 1024K, 3 young (3072K), 3 survivors (3072K)
 Metaspace       used 12290K, capacity 12394K, committed 12416K, reserved 1060864K
  class space    used 1121K, capacity 1149K, committed 1152K, reserved 1048576K
}
Event: 0.886 GC heap before
{Heap before GC invocations=1 (full 0):
 garbage-first heap   total 126976K, used 42299K [0x0000000084600000, 0x0000000100000000)
  region size 1024K, 39 young (39936K), 3 survivors (3072K)
 Metaspace       used 20841K, capacity 21112K, committed 21296K, reserved 1069056K
  class space    used 2253K, capacity 2338K, committed 2432K, reserved 1048576K
}
Event: 0.898 GC heap after
{Heap after GC invocations=2 (full 0):
 garbage-first heap   total 126976K, used 9868K [0x0000000084600000, 0x0000000100000000)
  region size 1024K, 7 young (7168K), 7 survivors (7168K)
 Metaspace       used 20841K, capacity 21112K, committed 21296K, reserved 1069056K
  class space    used 2253K, capacity 2338K, committed 2432K, reserved 1048576K
}
Event: 1.478 GC heap before
{Heap before GC invocations=3 (full 0):
 garbage-first heap   total 126976K, used 62092K [0x0000000084600000, 0x0000000100000000)
  region size 1024K, 53 young (54272K), 7 survivors (7168K)
 Metaspace       used 31712K, capacity 32163K, committed 32432K, reserved 1077248K
  class space    used 3814K, capacity 4001K, committed 4096K, reserved 1048576K
}
Event: 1.495 GC heap after
{Heap after GC invocations=4 (full 0):
 garbage-first heap   total 126976K, used 20712K [0x0000000084600000, 0x0000000100000000)
  region size 1024K, 7 young (7168K), 7 survivors (7168K)
 Metaspace       used 31712K, capacity 32163K, committed 32432K, reserved 1077248K
  class space    used 3814K, capacity 4001K, committed 4096K, reserved 1048576K
}
Event: 1.666 GC heap before
{Heap before GC invocations=4 (full 0):
 garbage-first heap   total 126976K, used 35048K [0x0000000084600000, 0x0000000100000000)
  region size 1024K, 22 young (22528K), 7 survivors (7168K)
 Metaspace       used 35226K, capacity 35698K, committed 35920K, reserved 1081344K
  class space    used 4403K, capacity 4580K, committed 4608K, reserved 1048576K
}
Event: 1.681 GC heap after
{Heap after GC invocations=5 (full 0):
 garbage-first heap   total 126976K, used 22620K [0x0000000084600000, 0x0000000100000000)
  region size 1024K, 6 young (6144K), 6 survivors (6144K)
 Metaspace       used 35226K, capacity 35698K, committed 35920K, reserved 1081344K
  class space    used 4403K, capacity 4580K, committed 4608K, reserved 1048576K
}
Event: 2.127 GC heap before
{Heap before GC invocations=6 (full 0):
 garbage-first heap   total 126976K, used 67676K [0x0000000084600000, 0x0000000100000000)
  region size 1024K, 50 young (51200K), 6 survivors (6144K)
 Metaspace       used 42950K, capacity 43457K, committed 43824K, reserved 1087488K
  class space    used 5170K, capacity 5393K, committed 5504K, reserved 1048576K
}
Event: 2.139 GC heap after
{Heap after GC invocations=7 (full 0):
 garbage-first heap   total 173056K, used 25900K [0x0000000084600000, 0x0000000100000000)
  region size 1024K, 7 young (7168K), 7 survivors (7168K)
 Metaspace       used 42950K, capacity 43457K, committed 43824K, reserved 1087488K
  class space    used 5170K, capacity 5393K, committed 5504K, reserved 1048576K
}
Event: 2.872 GC heap before
{Heap before GC invocations=7 (full 0):
 garbage-first heap   total 173056K, used 96556K [0x0000000084600000, 0x0000000100000000)
  region size 1024K, 73 young (74752K), 7 survivors (7168K)
 Metaspace       used 51681K, capacity 52308K, committed 52400K, reserved 1095680K
  class space    used 6087K, capacity 6354K, committed 6400K, reserved 1048576K
}
Event: 2.886 GC heap after
{Heap after GC invocations=8 (full 0):
 garbage-first heap   total 173056K, used 36173K [0x0000000084600000, 0x0000000100000000)
  region size 1024K, 10 young (10240K), 10 survivors (10240K)
 Metaspace       used 51681K, capacity 52308K, committed 52400K, reserved 1095680K
  class space    used 6087K, capacity 6354K, committed 6400K, reserved 1048576K
}
Event: 3.708 GC heap before
{Heap before GC invocations=8 (full 0):
 garbage-first heap   total 173056K, used 107853K [0x0000000084600000, 0x0000000100000000)
  region size 1024K, 80 young (81920K), 10 survivors (10240K)
 Metaspace       used 57735K, capacity 58446K, committed 58544K, reserved 1101824K
  class space    used 6636K, capacity 6904K, committed 6912K, reserved 1048576K
}
Event: 3.724 GC heap after
{Heap after GC invocations=9 (full 0):
 garbage-first heap   total 173056K, used 45927K [0x0000000084600000, 0x0000000100000000)
  region size 1024K, 10 young (10240K), 10 survivors (10240K)
 Metaspace       used 57735K, capacity 58446K, committed 58544K, reserved 1101824K
  class space    used 6636K, capacity 6904K, committed 6912K, reserved 1048576K
}
Event: 3.995 GC heap before
{Heap before GC invocations=9 (full 0):
 garbage-first heap   total 173056K, used 66407K [0x0000000084600000, 0x0000000100000000)
  region size 1024K, 31 young (31744K), 10 survivors (10240K)
 Metaspace       used 59595K, capacity 60318K, committed 60420K, reserved 1101824K
  class space    used 6876K, capacity 7185K, committed 7252K, reserved 1048576K
}
Event: 4.012 GC heap after
{Heap after GC invocations=10 (full 0):
 garbage-first heap   total 173056K, used 48647K [0x0000000084600000, 0x0000000100000000)
  region size 1024K, 4 young (4096K), 4 survivors (4096K)
 Metaspace       used 59595K, capacity 60318K, committed 60420K, reserved 1101824K
  class space    used 6876K, capacity 7185K, committed 7252K, reserved 1048576K
}
Event: 5.025 GC heap before
{Heap before GC invocations=11 (full 0):
 garbage-first heap   total 173056K, used 114183K [0x0000000084600000, 0x0000000100000000)
  region size 1024K, 69 young (70656K), 4 survivors (4096K)
 Metaspace       used 67745K, capacity 68600K, committed 68688K, reserved 1110016K
  class space    used 7737K, capacity 8074K, committed 8096K, reserved 1048576K
}

